# JRE version: Java(TM) SE Runtime Environment (8.0_231-b11) (build 1.8.0_231-b11)
# Java VM: Java HotSpot(TM) 64-Bit Server VM (25.231-b11 mixed mode windows-amd64 compressed oops)
Heap:
 PSYoungGen      total 568832K, used 409143K [0x00000000d5580000, 0x0000000100000000, 0x0000000100000000)
  eden space 438784K, 63% used [0x00000000d5580000,0x00000000e6611f68,0x00000000f0200000)
  from space 130048K, 99% used [0x00000000f0200000,0x00000000f80fbd50,0x00000000f8100000)
  to   space 130048K, 0% used [0x00000000f8100000,0x00000000f8100000,0x0000000100000000)
 ParOldGen       total 353280K, used 171689K [0x0000000080000000, 0x0000000095900000, 0x00000000d5580000)
  object space 353280K, 48% used [0x0000000080000000,0x000000008a7aa400,0x0000000095900000)
 Metaspace       used 220597K, capacity 232378K, committed 232576K, reserved 1251328K
  class space    used 28237K, capacity 30499K, committed 30592K, reserved 1048576K
GC Heap History (10 events):
Event: 2990.771 GC heap before
{Heap before GC invocations=60 (full 7):
 PSYoungGen      total 595968K, used 559486K [0x00000000d5580000, 0x0000000100000000, 0x0000000100000000)
  eden space 512512K, 100% used [0x00000000d5580000,0x00000000f4a00000,0x00000000f4a00000)
  from space 83456K, 56% used [0x00000000fae80000,0x00000000fdc5f930,0x0000000100000000)
  to   space 93184K, 0% used [0x00000000f4a00000,0x00000000f4a00000,0x00000000fa500000)
 ParOldGen       total 353280K, used 162194K [0x0000000080000000, 0x0000000095900000, 0x00000000d5580000)
  object space 353280K, 45% used [0x0000000080000000,0x0000000089e64848,0x0000000095900000)
 Metaspace       used 171664K, capacity 181250K, committed 181504K, reserved 1206272K
  class space    used 22127K, capacity 23941K, committed 24064K, reserved 1048576K
Event: 2990.837 GC heap after
Heap after GC invocations=60 (full 7):
 PSYoungGen      total 582144K, used 69313K [0x00000000d5580000, 0x0000000100000000, 0x0000000100000000)
  eden space 512512K, 0% used [0x00000000d5580000,0x00000000d5580000,0x00000000f4a00000)
  from space 69632K, 99% used [0x00000000f4a00000,0x00000000f8db07b0,0x00000000f8e00000)
  to   space 97280K, 0% used [0x00000000fa100000,0x00000000fa100000,0x0000000100000000)
 ParOldGen       total 353280K, used 162202K [0x0000000080000000, 0x0000000095900000, 0x00000000d5580000)
  object space 353280K, 45% used [0x0000000080000000,0x0000000089e66848,0x0000000095900000)
 Metaspace       used 171664K, capacity 181250K, committed 181504K, reserved 1206272K
  class space    used 22127K, capacity 23941K, committed 24064K, reserved 1048576K
}
Event: 3456.332 GC heap before
{Heap before GC invocations=61 (full 7):
 PSYoungGen      total 582144K, used 581825K [0x00000000d5580000, 0x0000000100000000, 0x0000000100000000)
  eden space 512512K, 100% used [0x00000000d5580000,0x00000000f4a00000,0x00000000f4a00000)
  from space 69632K, 99% used [0x00000000f4a00000,0x00000000f8db07b0,0x00000000f8e00000)
  to   space 97280K, 0% used [0x00000000fa100000,0x00000000fa100000,0x0000000100000000)
 ParOldGen       total 353280K, used 162202K [0x0000000080000000, 0x0000000095900000, 0x00000000d5580000)
  object space 353280K, 45% used [0x0000000080000000,0x0000000089e66848,0x0000000095900000)
 Metaspace       used 183529K, capacity 193742K, committed 193792K, reserved 1218560K
  class space    used 23609K, capacity 25555K, committed 25600K, reserved 1048576K
Event: 3456.468 GC heap after
Heap after GC invocations=61 (full 7):
 PSYoungGen      total 578048K, used 93634K [0x00000000d5580000, 0x0000000100000000, 0x0000000100000000)
  eden space 480768K, 0% used [0x00000000d5580000,0x00000000d5580000,0x00000000f2b00000)
  from space 97280K, 96% used [0x00000000fa100000,0x00000000ffc70b58,0x0000000100000000)
  to   space 109056K, 0% used [0x00000000f2b00000,0x00000000f2b00000,0x00000000f9580000)
 ParOldGen       total 353280K, used 162210K [0x0000000080000000, 0x0000000095900000, 0x00000000d5580000)
  object space 353280K, 45% used [0x0000000080000000,0x0000000089e68848,0x0000000095900000)
 Metaspace       used 183529K, capacity 193742K, committed 193792K, reserved 1218560K
  class space    used 23609K, capacity 25555K, committed 25600K, reserved 1048576K
}
Event: 3604.593 GC heap before
{Heap before GC invocations=62 (full 7):
 PSYoungGen      total 578048K, used 574402K [0x00000000d5580000, 0x0000000100000000, 0x0000000100000000)
  eden space 480768K, 100% used [0x00000000d5580000,0x00000000f2b00000,0x00000000f2b00000)
  from space 97280K, 96% used [0x00000000fa100000,0x00000000ffc70b58,0x0000000100000000)
  to   space 109056K, 0% used [0x00000000f2b00000,0x00000000f2b00000,0x00000000f9580000)
 ParOldGen       total 353280K, used 162210K [0x0000000080000000, 0x0000000095900000, 0x00000000d5580000)
  object space 353280K, 45% used [0x0000000080000000,0x0000000089e68848,0x0000000095900000)
 Metaspace       used 195036K, capacity 205690K, committed 205824K, reserved 1228800K
  class space    used 25037K, capacity 27079K, committed 27136K, reserved 1048576K
Event: 3604.686 GC heap after
Heap after GC invocations=62 (full 7):
 PSYoungGen      total 573440K, used 92274K [0x00000000d5580000, 0x0000000100000000, 0x0000000100000000)
  eden space 480768K, 0% used [0x00000000d5580000,0x00000000d5580000,0x00000000f2b00000)
  from space 92672K, 99% used [0x00000000f2b00000,0x00000000f851c8e0,0x00000000f8580000)
  to   space 117760K, 0% used [0x00000000f8d00000,0x00000000f8d00000,0x0000000100000000)
 ParOldGen       total 353280K, used 162218K [0x0000000080000000, 0x0000000095900000, 0x00000000d5580000)
  object space 353280K, 45% used [0x0000000080000000,0x0000000089e6a848,0x0000000095900000)
 Metaspace       used 195036K, capacity 205690K, committed 205824K, reserved 1228800K
  class space    used 25037K, capacity 27079K, committed 27136K, reserved 1048576K
}
Event: 3662.754 GC heap before
{Heap before GC invocations=63 (full 7):
 PSYoungGen      total 573440K, used 573042K [0x00000000d5580000, 0x0000000100000000, 0x0000000100000000)
  eden space 480768K, 100% used [0x00000000d5580000,0x00000000f2b00000,0x00000000f2b00000)
  from space 92672K, 99% used [0x00000000f2b00000,0x00000000f851c8e0,0x00000000f8580000)
  to   space 117760K, 0% used [0x00000000f8d00000,0x00000000f8d00000,0x0000000100000000)
 ParOldGen       total 353280K, used 162218K [0x0000000080000000, 0x0000000095900000, 0x00000000d5580000)
  object space 353280K, 45% used [0x0000000080000000,0x0000000089e6a848,0x0000000095900000)
 Metaspace       used 206618K, capacity 217660K, committed 217856K, reserved 1239040K
  class space    used 26478K, capacity 28626K, committed 28672K, reserved 1048576K
Event: 3662.883 GC heap after
Heap after GC invocations=63 (full 7):
 PSYoungGen      total 556544K, used 106178K [0x00000000d5580000, 0x0000000100000000, 0x0000000100000000)
  eden space 438784K, 0% used [0x00000000d5580000,0x00000000d5580000,0x00000000f0200000)
  from space 117760K, 90% used [0x00000000f8d00000,0x00000000ff4b0990,0x0000000100000000)
  to   space 130048K, 0% used [0x00000000f0200000,0x00000000f0200000,0x00000000f8100000)
 ParOldGen       total 353280K, used 162226K [0x0000000080000000, 0x0000000095900000, 0x00000000d5580000)
  object space 353280K, 45% used [0x0000000080000000,0x0000000089e6c848,0x0000000095900000)
 Metaspace       used 206618K, capacity 217660K, committed 217856K, reserved 1239040K
  class space    used 26478K, capacity 28626K, committed 28672K, reserved 1048576K
}
Event: 3682.567 GC heap before
{Heap before GC invocations=64 (full 7):
 PSYoungGen      total 556544K, used 544962K [0x00000000d5580000, 0x0000000100000000, 0x0000000100000000)
  eden space 438784K, 100% used [0x00000000d5580000,0x00000000f0200000,0x00000000f0200000)
  from space 117760K, 90% used [0x00000000f8d00000,0x00000000ff4b0990,0x0000000100000000)
  to   space 130048K, 0% used [0x00000000f0200000,0x00000000f0200000,0x00000000f8100000)
 ParOldGen       total 353280K, used 162226K [0x0000000080000000, 0x0000000095900000, 0x00000000d5580000)
  object space 353280K, 45% used [0x0000000080000000,0x0000000089e6c848,0x0000000095900000)
 Metaspace       used 219942K, capacity 231606K, committed 231680K, reserved 1251328K
  class space    used 28172K, capacity 30409K, committed 30464K, reserved 1048576K
Event: 3682.811 GC heap after
Heap after GC invocations=64 (full 7):
 PSYoungGen      total 568832K, used 130031K [0x00000000d5580000, 0x0000000100000000, 0x0000000100000000)
  eden space 438784K, 0% used [0x00000000d5580000,0x00000000d5580000,0x00000000f0200000)
  from space 130048K, 99% used [0x00000000f0200000,0x00000000f80fbd50,0x00000000f8100000)
  to   space 130048K, 0% used [0x00000000f8100000,0x00000000f8100000,0x0000000100000000)
 ParOldGen       total 353280K, used 171689K [0x0000000080000000, 0x0000000095900000, 0x00000000d5580000)
  object space 353280K, 48% used [0x0000000080000000,0x000000008a7aa400,0x0000000095900000)
 Metaspace       used 219942K, capacity 231606K, committed 231680K, reserved 1251328K
  class space    used 28172K, capacity 30409K, committed 30464K, reserved 1048576K
}

