# JRE version: Java(TM) SE Runtime Environment (8.0_231-b11) (build 1.8.0_231-b11)
# Java VM: Java HotSpot(TM) 64-Bit Server VM (25.231-b11 mixed mode windows-amd64 compressed oops)
Heap:
 PSYoungGen      total 448000K, used 310912K [0x00000000d5580000, 0x00000000ffb00000, 0x0000000100000000)
  eden space 358912K, 61% used [0x00000000d5580000,0x00000000e2e9d3a0,0x00000000eb400000)
  from space 89088K, 99% used [0x00000000eb400000,0x00000000f0a82f98,0x00000000f0b00000)
  to   space 166400K, 0% used [0x00000000f5880000,0x00000000f5880000,0x00000000ffb00000)
 ParOldGen       total 812032K, used 717743K [0x0000000080000000, 0x00000000b1900000, 0x00000000d5580000)
  object space 812032K, 88% used [0x0000000080000000,0x00000000abcebd48,0x00000000b1900000)
 Metaspace       used 443550K, capacity 466790K, committed 467840K, reserved 1456128K
  class space    used 56126K, capacity 60456K, committed 61312K, reserved 1048576K
GC Heap History (10 events):
Event: 11613.284 GC heap before
{Heap before GC invocations=122 (full 11):
 PSYoungGen      total 506368K, used 387804K [0x00000000d5580000, 0x00000000ff000000, 0x0000000100000000)
  eden space 345600K, 100% used [0x00000000d5580000,0x00000000ea700000,0x00000000ea700000)
  from space 160768K, 26% used [0x00000000f5300000,0x00000000f7c372b0,0x00000000ff000000)
  to   space 168448K, 0% used [0x00000000ea700000,0x00000000ea700000,0x00000000f4b80000)
 ParOldGen       total 812032K, used 715071K [0x0000000080000000, 0x00000000b1900000, 0x00000000d5580000)
  object space 812032K, 88% used [0x0000000080000000,0x00000000aba4fcb8,0x00000000b1900000)
 Metaspace       used 424226K, capacity 446804K, committed 448640K, reserved 1437696K
  class space    used 53774K, capacity 57986K, committed 59776K, reserved 1048576K
Event: 11613.618 GC heap after
Heap after GC invocations=122 (full 11):
 PSYoungGen      total 514048K, used 62713K [0x00000000d5580000, 0x00000000ff380000, 0x0000000100000000)
  eden space 345600K, 0% used [0x00000000d5580000,0x00000000d5580000,0x00000000ea700000)
  from space 168448K, 37% used [0x00000000ea700000,0x00000000ee43e4f8,0x00000000f4b80000)
  to   space 158208K, 0% used [0x00000000f5900000,0x00000000f5900000,0x00000000ff380000)
 ParOldGen       total 812032K, used 715079K [0x0000000080000000, 0x00000000b1900000, 0x00000000d5580000)
  object space 812032K, 88% used [0x0000000080000000,0x00000000aba51cb8,0x00000000b1900000)
 Metaspace       used 424226K, capacity 446804K, committed 448640K, reserved 1437696K
  class space    used 53774K, capacity 57986K, committed 59776K, reserved 1048576K
}
Event: 11625.799 GC heap before
{Heap before GC invocations=123 (full 11):
 PSYoungGen      total 514048K, used 408313K [0x00000000d5580000, 0x00000000ff380000, 0x0000000100000000)
  eden space 345600K, 100% used [0x00000000d5580000,0x00000000ea700000,0x00000000ea700000)
  from space 168448K, 37% used [0x00000000ea700000,0x00000000ee43e4f8,0x00000000f4b80000)
  to   space 158208K, 0% used [0x00000000f5900000,0x00000000f5900000,0x00000000ff380000)
 ParOldGen       total 812032K, used 715079K [0x0000000080000000, 0x00000000b1900000, 0x00000000d5580000)
  object space 812032K, 88% used [0x0000000080000000,0x00000000aba51cb8,0x00000000b1900000)
 Metaspace       used 427191K, capacity 449890K, committed 451456K, reserved 1441792K
  class space    used 54079K, capacity 58325K, committed 59776K, reserved 1048576K
Event: 11626.166 GC heap after
Heap after GC invocations=123 (full 11):
 PSYoungGen      total 528384K, used 86777K [0x00000000d5580000, 0x00000000ff500000, 0x0000000100000000)
  eden space 370176K, 0% used [0x00000000d5580000,0x00000000d5580000,0x00000000ebf00000)
  from space 158208K, 54% used [0x00000000f5900000,0x00000000fadbe608,0x00000000ff380000)
  to   space 157696K, 0% used [0x00000000ebf00000,0x00000000ebf00000,0x00000000f5900000)
 ParOldGen       total 812032K, used 715079K [0x0000000080000000, 0x00000000b1900000, 0x00000000d5580000)
  object space 812032K, 88% used [0x0000000080000000,0x00000000aba51cb8,0x00000000b1900000)
 Metaspace       used 427191K, capacity 449890K, committed 451456K, reserved 1441792K
  class space    used 54079K, capacity 58325K, committed 59776K, reserved 1048576K
}
Event: 11641.966 GC heap before
{Heap before GC invocations=124 (full 11):
 PSYoungGen      total 528384K, used 456953K [0x00000000d5580000, 0x00000000ff500000, 0x0000000100000000)
  eden space 370176K, 100% used [0x00000000d5580000,0x00000000ebf00000,0x00000000ebf00000)
  from space 158208K, 54% used [0x00000000f5900000,0x00000000fadbe608,0x00000000ff380000)
  to   space 157696K, 0% used [0x00000000ebf00000,0x00000000ebf00000,0x00000000f5900000)
 ParOldGen       total 812032K, used 715079K [0x0000000080000000, 0x00000000b1900000, 0x00000000d5580000)
  object space 812032K, 88% used [0x0000000080000000,0x00000000aba51cb8,0x00000000b1900000)
 Metaspace       used 435516K, capacity 458626K, committed 459776K, reserved 1447936K
  class space    used 55190K, capacity 59474K, committed 60416K, reserved 1048576K
Event: 11642.440 GC heap after
Heap after GC invocations=124 (full 11):
 PSYoungGen      total 527872K, used 116253K [0x00000000d5580000, 0x0000000100000000, 0x0000000100000000)
  eden space 370176K, 0% used [0x00000000d5580000,0x00000000d5580000,0x00000000ebf00000)
  from space 157696K, 73% used [0x00000000ebf00000,0x00000000f3087440,0x00000000f5900000)
  to   space 167936K, 0% used [0x00000000f5c00000,0x00000000f5c00000,0x0000000100000000)
 ParOldGen       total 812032K, used 715087K [0x0000000080000000, 0x00000000b1900000, 0x00000000d5580000)
  object space 812032K, 88% used [0x0000000080000000,0x00000000aba53cb8,0x00000000b1900000)
 Metaspace       used 435516K, capacity 458626K, committed 459776K, reserved 1447936K
  class space    used 55190K, capacity 59474K, committed 60416K, reserved 1048576K
}
Event: 11648.263 GC heap before
{Heap before GC invocations=125 (full 11):
 PSYoungGen      total 527872K, used 486429K [0x00000000d5580000, 0x0000000100000000, 0x0000000100000000)
  eden space 370176K, 100% used [0x00000000d5580000,0x00000000ebf00000,0x00000000ebf00000)
  from space 157696K, 73% used [0x00000000ebf00000,0x00000000f3087440,0x00000000f5900000)
  to   space 167936K, 0% used [0x00000000f5c00000,0x00000000f5c00000,0x0000000100000000)
 ParOldGen       total 812032K, used 715087K [0x0000000080000000, 0x00000000b1900000, 0x00000000d5580000)
  object space 812032K, 88% used [0x0000000080000000,0x00000000aba53cb8,0x00000000b1900000)
 Metaspace       used 435544K, capacity 458630K, committed 459776K, reserved 1447936K
  class space    used 55190K, capacity 59474K, committed 60416K, reserved 1048576K
Event: 11648.496 GC heap after
Heap after GC invocations=125 (full 11):
 PSYoungGen      total 526848K, used 101339K [0x00000000d5580000, 0x0000000100000000, 0x0000000100000000)
  eden space 358912K, 0% used [0x00000000d5580000,0x00000000d5580000,0x00000000eb400000)
  from space 167936K, 60% used [0x00000000f5c00000,0x00000000fbef6c78,0x0000000100000000)
  to   space 169984K, 0% used [0x00000000eb400000,0x00000000eb400000,0x00000000f5a00000)
 ParOldGen       total 812032K, used 715095K [0x0000000080000000, 0x00000000b1900000, 0x00000000d5580000)
  object space 812032K, 88% used [0x0000000080000000,0x00000000aba55cb8,0x00000000b1900000)
 Metaspace       used 435544K, capacity 458630K, committed 459776K, reserved 1447936K
  class space    used 55190K, capacity 59474K, committed 60416K, reserved 1048576K
}
Event: 11705.271 GC heap before
{Heap before GC invocations=126 (full 11):
 PSYoungGen      total 526848K, used 460251K [0x00000000d5580000, 0x0000000100000000, 0x0000000100000000)
  eden space 358912K, 100% used [0x00000000d5580000,0x00000000eb400000,0x00000000eb400000)
  from space 167936K, 60% used [0x00000000f5c00000,0x00000000fbef6c78,0x0000000100000000)
  to   space 169984K, 0% used [0x00000000eb400000,0x00000000eb400000,0x00000000f5a00000)
 ParOldGen       total 812032K, used 715095K [0x0000000080000000, 0x00000000b1900000, 0x00000000d5580000)
  object space 812032K, 88% used [0x0000000080000000,0x00000000aba55cb8,0x00000000b1900000)
 Metaspace       used 435590K, capacity 458730K, committed 459776K, reserved 1447936K
  class space    used 55196K, capacity 59480K, committed 60416K, reserved 1048576K
Event: 11705.559 GC heap after
Heap after GC invocations=126 (full 11):
 PSYoungGen      total 448000K, used 88587K [0x00000000d5580000, 0x00000000ffb00000, 0x0000000100000000)
  eden space 358912K, 0% used [0x00000000d5580000,0x00000000d5580000,0x00000000eb400000)
  from space 89088K, 99% used [0x00000000eb400000,0x00000000f0a82f98,0x00000000f0b00000)
  to   space 166400K, 0% used [0x00000000f5880000,0x00000000f5880000,0x00000000ffb00000)
 ParOldGen       total 812032K, used 717743K [0x0000000080000000, 0x00000000b1900000, 0x00000000d5580000)
  object space 812032K, 88% used [0x0000000080000000,0x00000000abcebd48,0x00000000b1900000)
 Metaspace       used 435590K, capacity 458730K, committed 459776K, reserved 1447936K
  class space    used 55196K, capacity 59480K, committed 60416K, reserved 1048576K
}

